[0.011s] Invoking command in '/workspace/ros_ws/build/homework_1': /usr/bin/cmake /workspace/ros_ws/src/homework_1 -DCMAKE_INSTALL_PREFIX=/workspace/ros_ws/install/homework_1
[0.170s] -- The C compiler identification is GNU 11.4.0
[0.258s] -- The CXX compiler identification is GNU 11.4.0
[0.266s] -- Detecting C compiler ABI info
[0.351s] -- Detecting C compiler ABI info - done
[0.357s] -- Check for working C compiler: /usr/bin/cc - skipped
[0.358s] -- Detecting C compile features
[0.359s] -- Detecting C compile features - done
[0.363s] -- Detecting CXX compiler ABI info
[0.445s] -- Detecting CXX compiler ABI info - done
[0.450s] -- Check for working CXX compiler: /usr/bin/c++ - skipped
[0.450s] -- Detecting CXX compile features
[0.450s] -- Detecting CXX compile features - done
[0.454s] -- Found ament_cmake: 1.3.12 (/opt/ros/humble/share/ament_cmake/cmake)
[0.578s] -- Found Python3: /usr/bin/python3 (found version "3.10.12") found components: Interpreter 
[0.653s] -- Found rclcpp: 16.0.15 (/opt/ros/humble/share/rclcpp/cmake)
[0.689s] -- Found rosidl_generator_c: 3.1.7 (/opt/ros/humble/share/rosidl_generator_c/cmake)
[0.693s] -- Found rosidl_adapter: 3.1.7 (/opt/ros/humble/share/rosidl_adapter/cmake)
[0.700s] -- Found rosidl_generator_cpp: 3.1.7 (/opt/ros/humble/share/rosidl_generator_cpp/cmake)
[0.710s] -- Using all available rosidl_typesupport_c: rosidl_typesupport_fastrtps_c;rosidl_typesupport_introspection_c
[0.723s] -- Using all available rosidl_typesupport_cpp: rosidl_typesupport_fastrtps_cpp;rosidl_typesupport_introspection_cpp
[0.758s] -- Found rmw_implementation_cmake: 6.1.2 (/opt/ros/humble/share/rmw_implementation_cmake/cmake)
[0.760s] -- Found rmw_fastrtps_cpp: 6.2.8 (/opt/ros/humble/share/rmw_fastrtps_cpp/cmake)
[0.856s] -- Found OpenSSL: /usr/lib/x86_64-linux-gnu/libcrypto.so (found version "3.0.2")  
[0.888s] -- Found FastRTPS: /opt/ros/humble/include  
[0.922s] -- Using RMW implementation 'rmw_fastrtps_cpp' as default
[0.931s] -- Looking for pthread.h
[1.019s] -- Looking for pthread.h - found
[1.020s] -- Performing Test CMAKE_HAVE_LIBC_PTHREAD
[1.120s] -- Performing Test CMAKE_HAVE_LIBC_PTHREAD - Success
[1.122s] -- Found Threads: TRUE  
[1.165s] [0mCMake Error: File /workspace/ros_ws/src/homework_1/package.xml does not exist.[0m
[1.165s] [31mCMake Error at /opt/ros/humble/share/ament_cmake_core/cmake/core/stamp.cmake:24 (configure_file):
[1.165s]   configure_file Problem configuring file
[1.165s] Call Stack (most recent call first):
[1.166s]   /opt/ros/humble/share/ament_cmake_core/cmake/core/ament_package_xml.cmake:73 (stamp)
[1.166s]   /opt/ros/humble/share/ament_cmake_core/cmake/core/ament_package_xml.cmake:49 (_ament_package_xml)
[1.166s]   /opt/ros/humble/share/ament_cmake_core/cmake/core/ament_package.cmake:63 (ament_package_xml)
[1.166s]   CMakeLists.txt:16 (ament_package)
[1.166s] 
[1.166s] [0m
[1.168s] -- Configuring incomplete, errors occurred!
[1.168s] See also "/workspace/ros_ws/build/homework_1/CMakeFiles/CMakeOutput.log".
[1.173s] Invoked command in '/workspace/ros_ws/build/homework_1' returned '1': /usr/bin/cmake /workspace/ros_ws/src/homework_1 -DCMAKE_INSTALL_PREFIX=/workspace/ros_ws/install/homework_1
